<?xml version="1.0" encoding="UTF-8"?>
<!-- Generated by org.testng.reporters.JUnitReportReporter -->
<testsuite skipped="0" hostname="DESKTOP-SN4D34E" name="TestNGtrain01.AddresBookSiteTest" tests="1" failures="0" timestamp="07 sep 2018 13:32:35 GMT" time="7.406" errors="0">
  <testcase name="helloWorld" time="7.406" classname="TestNGtrain01.AddresBookSiteTest"/>
</testsuite> <!-- TestNGtrain01.AddresBookSiteTest -->
